<?xml version="1.0" encoding="UTF-8"?>
<!-- Generated by org.testng.reporters.JUnitReportReporter -->
<testsuite skipped="0" hostname="LAPTOP-67QB8L5C" name="AutomationPractice.Test11.B" tests="1" failures="0" timestamp="2021-02-20T18:43:30 IST" time="0.001" errors="0">
  <testcase name="f" time="0.001" classname="AutomationPractice.Test11.B"/>
  <system-out/>
</testsuite> <!-- AutomationPractice.Test11.B -->
