<?xml version="1.0" encoding="UTF-8"?>
<!-- Generated by org.testng.reporters.JUnitReportReporter -->
<testsuite skipped="0" hostname="LAPTOP-67QB8L5C" name="AutomationPractice.Test11.A" tests="4" failures="0" timestamp="2021-02-20T18:43:30 IST" time="0.012" errors="0">
  <testcase name="b" time="0.002" classname="AutomationPractice.Test11.A"/>
  <system-out/>
  <testcase name="b" time="0.001" classname="AutomationPractice.Test11.A"/>
  <system-out/>
  <testcase name="c" time="0.002" classname="AutomationPractice.Test11.A"/>
  <system-out/>
  <testcase name="a" time="0.007" classname="AutomationPractice.Test11.A"/>
  <system-out/>
</testsuite> <!-- AutomationPractice.Test11.A -->
