<?xml version="1.0" encoding="UTF-8"?>
<!-- Generated by org.testng.reporters.JUnitReportReporter -->
<testsuite skipped="0" hostname="LAPTOP-67QB8L5C" name="AutomationPractice.Test11.HomePageTest" tests="4" failures="0" timestamp="2021-02-20T18:47:12 IST" time="0.014" errors="0">
  <testcase name="b" time="0.003" classname="AutomationPractice.Test11.HomePageTest"/>
  <system-out/>
  <testcase name="b" time="0.001" classname="AutomationPractice.Test11.HomePageTest"/>
  <system-out/>
  <testcase name="c" time="0.002" classname="AutomationPractice.Test11.HomePageTest"/>
  <system-out/>
  <testcase name="a" time="0.008" classname="AutomationPractice.Test11.HomePageTest"/>
  <system-out/>
</testsuite> <!-- AutomationPractice.Test11.HomePageTest -->
