<?xml version="1.0" encoding="UTF-8"?>
<!-- Generated by org.testng.reporters.JUnitReportReporter -->
<testsuite skipped="0" hostname="LAPTOP-67QB8L5C" name="AutomationPractice.Test11.BaseTestClass" tests="3" failures="0" timestamp="2021-02-20T17:54:01 IST" time="0.012" errors="0">
  <testcase name="b" time="0.001" classname="AutomationPractice.Test11.BaseTestClass"/>
  <system-out/>
  <testcase name="c" time="0.001" classname="AutomationPractice.Test11.BaseTestClass"/>
  <system-out/>
  <testcase name="a" time="0.010" classname="AutomationPractice.Test11.BaseTestClass"/>
  <system-out/>
</testsuite> <!-- AutomationPractice.Test11.BaseTestClass -->
