<?xml version="1.0" encoding="UTF-8"?>
<!-- Generated by org.testng.reporters.JUnitReportReporter -->
<testsuite skipped="0" hostname="LAPTOP-67QB8L5C" name="AutomationPractice.Test11.ListingPageTest" tests="1" failures="0" timestamp="2021-02-20T18:47:12 IST" time="0.003" errors="0">
  <testcase name="f" time="0.003" classname="AutomationPractice.Test11.ListingPageTest"/>
  <system-out/>
</testsuite> <!-- AutomationPractice.Test11.ListingPageTest -->
